<?xml version="1.0" encoding="UTF-8"?>
<testng-results ignored="0" total="1" passed="1" failed="0" skipped="0">
  <reporter-output>
  </reporter-output>
  <suite started-at="2024-11-14T20:37:50 IST" name="Default suite" finished-at="2024-11-14T20:37:51 IST" duration-ms="1827">
    <groups>
    </groups>
    <test started-at="2024-11-14T20:37:50 IST" name="Default test" finished-at="2024-11-14T20:37:51 IST" duration-ms="1827">
      <class name="htmlMethods.QueryaAndPath_parameter">
        <test-method signature="testparameter()[pri:0, instance:htmlMethods.QueryaAndPath_parameter@34123d65]" started-at="2024-11-14T20:37:50 IST" name="testparameter" finished-at="2024-11-14T20:37:51 IST" duration-ms="1795" status="PASS">
          <reporter-output>
          </reporter-output>
        </test-method> <!-- testparameter -->
      </class> <!-- htmlMethods.QueryaAndPath_parameter -->
    </test> <!-- Default test -->
  </suite> <!-- Default suite -->
</testng-results>
